<?xml version="1.0" encoding="UTF-8"?>
<testsuite name="eu.telecomnancy.pcd2k17.SampleTest" tests="1" skipped="0" failures="0" errors="0" timestamp="2017-12-18T07:39:12" hostname="MacBook-Pro-de-Maxence.local" time="0.001">
  <properties/>
  <testcase name="testDummy" classname="eu.telecomnancy.pcd2k17.SampleTest" time="0.001"/>
  <system-out><![CDATA[]]></system-out>
  <system-err><![CDATA[]]></system-err>
</testsuite>
